<?xml version="1.0" encoding="UTF-8"?>
<testng-results ignored="0" total="1" passed="1" failed="0" skipped="0">
  <reporter-output>
  </reporter-output>
  <suite started-at="2021-04-18T11:47:04 CST" name="Suite" finished-at="2021-04-18T11:47:21 CST" duration-ms="17210">
    <groups>
    </groups>
    <test started-at="2021-04-18T11:47:04 CST" name="Test" finished-at="2021-04-18T11:47:21 CST" duration-ms="17210">
      <class name="sushilecommerce.E2ECommerce.SignTest">
        <test-method signature="signin()[pri:0, instance:sushilecommerce.E2ECommerce.SignTest@4032d386]" started-at="2021-04-18T11:47:04 CST" name="signin" finished-at="2021-04-18T11:47:21 CST" duration-ms="17156" status="PASS">
          <reporter-output>
          </reporter-output>
        </test-method> <!-- signin -->
      </class> <!-- sushilecommerce.E2ECommerce.SignTest -->
    </test> <!-- Test -->
  </suite> <!-- Suite -->
</testng-results>
